<?xml version="1.0" encoding="UTF-8"?>
<testng-results skipped="0" failed="0" ignored="0" total="1" passed="1">
  <reporter-output>
  </reporter-output>
  <suite name="Smoke Test" duration-ms="12432" started-at="2018-09-17T12:01:08Z" finished-at="2018-09-17T12:01:21Z">
    <groups>
    </groups>
    <test name="test case" duration-ms="12432" started-at="2018-09-17T12:01:08Z" finished-at="2018-09-17T12:01:21Z">
      <class name="MavenTask.broswer">
        <test-method status="PASS" signature="startAppium()[pri:0, instance:MavenTask.broswer@1445d7f]" name="startAppium" is-config="true" duration-ms="20101" started-at="2018-09-17T12:00:48Z" finished-at="2018-09-17T12:01:08Z">
          <reporter-output>
          </reporter-output>
        </test-method> <!-- startAppium -->
        <test-method status="PASS" signature="appiumStop()[pri:0, instance:MavenTask.broswer@1445d7f]" name="appiumStop" is-config="true" duration-ms="1" started-at="2018-09-17T12:01:21Z" finished-at="2018-09-17T12:01:21Z">
          <reporter-output>
          </reporter-output>
        </test-method> <!-- appiumStop -->
      </class> <!-- MavenTask.broswer -->
      <class name="MavenTask.BobcatSuite">
        <test-method status="PASS" signature="test()[pri:0, instance:MavenTask.BobcatSuite@6a396c1e]" name="test" duration-ms="12405" started-at="2018-09-17T12:01:08Z" finished-at="2018-09-17T12:01:21Z">
          <reporter-output>
          </reporter-output>
        </test-method> <!-- test -->
      </class> <!-- MavenTask.BobcatSuite -->
    </test> <!-- test case -->
  </suite> <!-- Smoke Test -->
</testng-results>
